<?xml version="1.0" encoding="UTF-8" ?>
<testsuite tests="14" failures="0" name="geniusweb.exampleparties.randomparty.RandomPartyTest" time="0.315" errors="0" skipped="0">
  <properties>
[...]
</properties>
  <testcase classname="geniusweb.exampleparties.randomparty.RandomPartyTest" name="smokeTest" time="0.215"/>
  <testcase classname="geniusweb.exampleparties.randomparty.RandomPartyTest" name="testInformSettings" time="0.016"/>
  <testcase classname="geniusweb.exampleparties.randomparty.RandomPartyTest" name="testInformAndConnection" time="0.002"/>
  <testcase classname="geniusweb.exampleparties.randomparty.RandomPartyTest" name="testAgentsUpdatesMOPACProgress" time="0.038"/>
  <testcase classname="geniusweb.exampleparties.randomparty.RandomPartyTest" name="testGetCapabilities" time="0.002"/>
  <testcase classname="geniusweb.exampleparties.randomparty.RandomPartyTest" name="testAgentLogsFinal" time="0.017"/>
  <testcase classname="geniusweb.exampleparties.randomparty.RandomPartyTest" name="getDescriptionTest" time="0.001"/>
  <testcase classname="geniusweb.exampleparties.randomparty.RandomPartyTest" name="testAgentsUpdatesSAOPProgress" time="0.004"/>
  <testcase classname="geniusweb.exampleparties.randomparty.RandomPartyTest" name="testOtherWalksAway" time="0.002"/>
  <testcase classname="geniusweb.exampleparties.randomparty.RandomPartyTest" name="testAgentHasFirstTurn" time="0.004"/>
  <testcase classname="geniusweb.exampleparties.randomparty.RandomPartyTest" name="testInformConnection" time="0"/>
  <testcase classname="geniusweb.exampleparties.randomparty.RandomPartyTest" name="testVoting" time="0.007"/>
  <testcase classname="geniusweb.exampleparties.randomparty.RandomPartyTest" name="getCapabilitiesTest" time="0.001"/>
  <testcase classname="geniusweb.exampleparties.randomparty.RandomPartyTest" name="testVotingWithValue" time="0.006"/>
</testsuite>